<?xml version="1.0" encoding="UTF-8"?>
<!-- Generated by org.testng.reporters.JUnitXMLReporter -->
<testsuite ignored="0" hostname="US-PC1513" failures="0" tests="3" name="Default test" time="0.05" errors="0" timestamp="2024-07-09T12:19:50 IST">
  <testcase classname="annotationcode01.Annotation_L1" name="testAnnotation1" time="0.004"/>
  <testcase classname="annotationcode01.Annotation_L1" name="testAnnotation2" time="0.001"/>
  <testcase classname="annotationcode01.Annotation_L1" name="testAnnotation3" time="0.001"/>
</testsuite> <!-- Default test -->
