<?xml version="1.0" encoding="UTF-8"?>
<testng-results ignored="0" total="3" passed="3" failed="0" skipped="0">
  <reporter-output>
  </reporter-output>
  <suite started-at="2024-07-09T12:30:09 IST" name="TestNG Code Suite" finished-at="2024-07-09T12:30:10 IST" duration-ms="46">
    <groups>
    </groups>
    <test started-at="2024-07-09T12:30:09 IST" name="TestNG Tests" finished-at="2024-07-09T12:30:10 IST" duration-ms="46">
      <class name="annotationcode01.Annotation_L1">
        <test-method is-config="true" signature="setUpBeforeSuite()[pri:0, instance:annotationcode01.Annotation_L1@11392934]" started-at="2024-07-09T12:30:09 IST" name="setUpBeforeSuite" finished-at="2024-07-09T12:30:09 IST" duration-ms="9" status="PASS">
          <reporter-output>
          </reporter-output>
        </test-method> <!-- setUpBeforeSuite -->
        <test-method is-config="true" signature="setUpBeforeTest()[pri:0, instance:annotationcode01.Annotation_L1@11392934]" started-at="2024-07-09T12:30:09 IST" name="setUpBeforeTest" finished-at="2024-07-09T12:30:09 IST" duration-ms="0" status="PASS">
          <reporter-output>
          </reporter-output>
        </test-method> <!-- setUpBeforeTest -->
        <test-method is-config="true" signature="setUpBeforeClass()[pri:0, instance:annotationcode01.Annotation_L1@11392934]" started-at="2024-07-09T12:30:09 IST" name="setUpBeforeClass" finished-at="2024-07-09T12:30:09 IST" duration-ms="0" status="PASS">
          <reporter-output>
          </reporter-output>
        </test-method> <!-- setUpBeforeClass -->
        <test-method is-config="true" signature="setUp()[pri:0, instance:annotationcode01.Annotation_L1@11392934]" started-at="2024-07-09T12:30:09 IST" name="setUp" finished-at="2024-07-09T12:30:09 IST" duration-ms="1" status="PASS">
          <reporter-output>
          </reporter-output>
        </test-method> <!-- setUp -->
        <test-method signature="testAnnotation1()[pri:0, instance:annotationcode01.Annotation_L1@11392934]" started-at="2024-07-09T12:30:09 IST" name="testAnnotation1" finished-at="2024-07-09T12:30:09 IST" duration-ms="4" status="PASS">
          <reporter-output>
          </reporter-output>
        </test-method> <!-- testAnnotation1 -->
        <test-method is-config="true" signature="tearDown()[pri:0, instance:annotationcode01.Annotation_L1@11392934]" started-at="2024-07-09T12:30:09 IST" name="tearDown" finished-at="2024-07-09T12:30:09 IST" duration-ms="0" status="PASS">
          <reporter-output>
          </reporter-output>
        </test-method> <!-- tearDown -->
        <test-method is-config="true" signature="setUp()[pri:0, instance:annotationcode01.Annotation_L1@11392934]" started-at="2024-07-09T12:30:09 IST" name="setUp" finished-at="2024-07-09T12:30:09 IST" duration-ms="1" status="PASS">
          <reporter-output>
          </reporter-output>
        </test-method> <!-- setUp -->
        <test-method signature="testAnnotation2()[pri:0, instance:annotationcode01.Annotation_L1@11392934]" started-at="2024-07-09T12:30:09 IST" name="testAnnotation2" finished-at="2024-07-09T12:30:10 IST" duration-ms="1" status="PASS">
          <reporter-output>
          </reporter-output>
        </test-method> <!-- testAnnotation2 -->
        <test-method is-config="true" signature="tearDown()[pri:0, instance:annotationcode01.Annotation_L1@11392934]" started-at="2024-07-09T12:30:10 IST" name="tearDown" finished-at="2024-07-09T12:30:10 IST" duration-ms="1" status="PASS">
          <reporter-output>
          </reporter-output>
        </test-method> <!-- tearDown -->
        <test-method signature="testAnnotation3()[pri:0, instance:annotationcode01.Annotation_L1@11392934]" started-at="2024-07-09T12:30:10 IST" name="testAnnotation3" finished-at="2024-07-09T12:30:10 IST" duration-ms="2" status="PASS">
          <reporter-output>
          </reporter-output>
        </test-method> <!-- testAnnotation3 -->
        <test-method is-config="true" signature="setUp()[pri:0, instance:annotationcode01.Annotation_L1@11392934]" started-at="2024-07-09T12:30:10 IST" name="setUp" finished-at="2024-07-09T12:30:10 IST" duration-ms="0" status="PASS">
          <reporter-output>
          </reporter-output>
        </test-method> <!-- setUp -->
        <test-method is-config="true" signature="tearDown()[pri:0, instance:annotationcode01.Annotation_L1@11392934]" started-at="2024-07-09T12:30:10 IST" name="tearDown" finished-at="2024-07-09T12:30:10 IST" duration-ms="0" status="PASS">
          <reporter-output>
          </reporter-output>
        </test-method> <!-- tearDown -->
        <test-method is-config="true" signature="TearDownAfterClass()[pri:0, instance:annotationcode01.Annotation_L1@11392934]" started-at="2024-07-09T12:30:10 IST" name="TearDownAfterClass" finished-at="2024-07-09T12:30:10 IST" duration-ms="0" status="PASS">
          <reporter-output>
          </reporter-output>
        </test-method> <!-- TearDownAfterClass -->
        <test-method is-config="true" signature="tearDownAfterTest()[pri:0, instance:annotationcode01.Annotation_L1@11392934]" started-at="2024-07-09T12:30:10 IST" name="tearDownAfterTest" finished-at="2024-07-09T12:30:10 IST" duration-ms="1" status="PASS">
          <reporter-output>
          </reporter-output>
        </test-method> <!-- tearDownAfterTest -->
        <test-method is-config="true" signature="tearDownAfterSuite()[pri:0, instance:annotationcode01.Annotation_L1@11392934]" started-at="2024-07-09T12:30:10 IST" name="tearDownAfterSuite" finished-at="2024-07-09T12:30:10 IST" duration-ms="0" status="PASS">
          <reporter-output>
          </reporter-output>
        </test-method> <!-- tearDownAfterSuite -->
      </class> <!-- annotationcode01.Annotation_L1 -->
    </test> <!-- TestNG Tests -->
  </suite> <!-- TestNG Code Suite -->
</testng-results>
