<?xml version="1.0" encoding="UTF-8"?>
<!-- Generated by org.testng.reporters.JUnitXMLReporter -->
<testsuite ignored="0" hostname="US-PC1513" failures="0" tests="3" name="TestNG Tests" time="0.046" errors="0" timestamp="2024-07-09T12:30:10 IST">
  <testcase classname="annotationcode01.Annotation_L1" name="testAnnotation1" time="0.004"/>
  <testcase classname="annotationcode01.Annotation_L1" name="testAnnotation2" time="0.001"/>
  <testcase classname="annotationcode01.Annotation_L1" name="testAnnotation3" time="0.002"/>
</testsuite> <!-- TestNG Tests -->
